<?xml version="1.0" encoding="UTF-8"?>
<!-- Generated by org.testng.reporters.JUnitReportReporter -->
<testsuite hostname="Atefeh" failures="0" tests="2" name="October_30.TriCombo" time="0.006" errors="0" timestamp="2022-11-01T15:55:43 EDT" skipped="0">
  <testcase classname="October_30.TriCombo" name="testcase1" time="0.005"/>
  <system-out/>
  <testcase classname="October_30.TriCombo" name="testcase2" time="0.001"/>
  <system-out/>
</testsuite> <!-- October_30.TriCombo -->
