<?xml version="1.0" encoding="UTF-8"?>
<!-- Generated by org.testng.reporters.JUnitReportReporter -->
<testsuite hostname="Atefeh" failures="0" tests="7" name="Assignment_October30.TestNG_1" time="1.749" errors="0" timestamp="2022-11-01T21:02:32 EDT" skipped="0">
  <testcase classname="Assignment_October30.TestNG_1" name="setUp" time="0.675"/>
  <system-out/>
  <testcase classname="Assignment_October30.TestNG_1" name="clickOnCreateNewAaccount" time="0.061"/>
  <system-out/>
  <testcase classname="Assignment_October30.TestNG_1" name="enterFirstName" time="0.497"/>
  <system-out/>
  <testcase classname="Assignment_October30.TestNG_1" name="enterLastName" time="0.121"/>
  <system-out/>
  <testcase classname="Assignment_October30.TestNG_1" name="enterMobileNumberOrEmail" time="0.169"/>
  <system-out/>
  <testcase classname="Assignment_October30.TestNG_1" name="reEnterEmail" time="0.130"/>
  <system-out/>
  <testcase classname="Assignment_October30.TestNG_1" name="enterNewPassword" time="0.096"/>
  <system-out/>
</testsuite> <!-- Assignment_October30.TestNG_1 -->
