<?xml version="1.0" encoding="UTF-8"?>
<!-- Generated by org.testng.reporters.JUnitReportReporter -->
<testsuite hostname="Atefeh" failures="0" tests="1" name="October_30.LearningTestNG" time="0.004" errors="0" timestamp="2022-11-01T15:02:29 EDT" skipped="0">
  <testcase classname="October_30.LearningTestNG" name="testCase" time="0.004"/>
  <system-out/>
</testsuite> <!-- October_30.LearningTestNG -->
