<?xml version="1.0" encoding="UTF-8"?>
<!-- Generated by org.testng.reporters.JUnitReportReporter -->
<testsuite hostname="Atefeh" failures="0" tests="6" name="Assignment_October30.TestNG_5" time="7.985" errors="0" timestamp="2022-11-02T18:36:56 EDT" skipped="0">
  <testcase classname="Assignment_October30.TestNG_5" name="setUp" time="3.277"/>
  <system-out/>
  <testcase classname="Assignment_October30.TestNG_5" name="clickOnSignIn" time="3.615"/>
  <system-out/>
  <testcase classname="Assignment_October30.TestNG_5" name="enterEmailAddress" time="0.269"/>
  <system-out/>
  <testcase classname="Assignment_October30.TestNG_5" name="enterPassWord" time="0.207"/>
  <system-out/>
  <testcase classname="Assignment_October30.TestNG_5" name="clickOnForgetPassword" time="0.401"/>
  <system-out/>
  <testcase classname="Assignment_October30.TestNG_5" name="emailAddressBox" time="0.216"/>
  <system-out/>
</testsuite> <!-- Assignment_October30.TestNG_5 -->
