<?xml version="1.0" encoding="UTF-8"?>
<!-- Generated by org.testng.reporters.JUnitReportReporter -->
<testsuite hostname="Atefeh" failures="0" tests="9" name="October_30.priority_Avalue" time="0.014" errors="0" timestamp="2022-11-01T16:45:03 EDT" skipped="1">
  <testcase classname="October_30.priority_Avalue" name="tc3" time="0.007"/>
  <system-out/>
  <testcase classname="October_30.priority_Avalue" name="tc1" time="0.001"/>
  <system-out/>
  <testcase classname="October_30.priority_Avalue" name="tc2" time="0.001"/>
  <system-out/>
  <testcase classname="October_30.priority_Avalue" name="tc5" time="0.001"/>
  <system-out/>
  <testcase classname="October_30.priority_Avalue" name="tc5" time="0.001"/>
  <system-out/>
  <testcase classname="October_30.priority_Avalue" name="tc5" time="0.001"/>
  <system-out/>
  <testcase classname="October_30.priority_Avalue" name="tc5" time="0.001"/>
  <system-out/>
  <testcase classname="October_30.priority_Avalue" name="tc5" time="0.001"/>
  <system-out/>
  <testcase classname="October_30.priority_Avalue" name="tc4">
    <skipped/>
  </testcase> <!-- tc4 -->
  <system-out/>
</testsuite> <!-- October_30.priority_Avalue -->
