<?xml version="1.0" encoding="UTF-8"?>
<!-- Generated by org.testng.reporters.JUnitReportReporter -->
<testsuite hostname="Atefeh" failures="0" tests="5" name="Assignment_October30.TestNG_4" time="27.530" errors="0" timestamp="2022-11-03T19:57:00 EDT" skipped="0">
  <testcase classname="Assignment_October30.TestNG_4" name="setUp" time="3.155"/>
  <system-out/>
  <testcase classname="Assignment_October30.TestNG_4" name="clickOnSingInRegister" time="12.564"/>
  <system-out/>
  <testcase classname="Assignment_October30.TestNG_4" name="createAccount" time="11.257"/>
  <system-out/>
  <testcase classname="Assignment_October30.TestNG_4" name="enterEmailAddress" time="0.460"/>
  <system-out/>
  <testcase classname="Assignment_October30.TestNG_4" name="enterNewPassword" time="0.094"/>
  <system-out/>
</testsuite> <!-- Assignment_October30.TestNG_4 -->
