<?xml version="1.0" encoding="UTF-8"?>
<!-- Generated by org.testng.reporters.JUnitReportReporter -->
<testsuite hostname="Atefeh" failures="0" tests="5" name="October_30.Dependency_Operations" time="0.011" errors="0" timestamp="2022-11-01T17:29:05 EDT" skipped="0">
  <testcase classname="October_30.Dependency_Operations" name="tc4" time="0.001"/>
  <system-out/>
  <testcase classname="October_30.Dependency_Operations" name="tc5" time="0.001"/>
  <system-out/>
  <testcase classname="October_30.Dependency_Operations" name="tc2" time="0.001"/>
  <system-out/>
  <testcase classname="October_30.Dependency_Operations" name="tc3" time="0.001"/>
  <system-out/>
  <testcase classname="October_30.Dependency_Operations" name="tc1" time="0.007"/>
  <system-out/>
</testsuite> <!-- October_30.Dependency_Operations -->
